<?xml version="1.0" encoding="UTF-8"?>
<testsuite name="TestSingletonSingletonDatabase" tests="4" skipped="0" failures="0" errors="0" timestamp="2021-12-29T15:41:18" hostname="MacBook-Pro-de-Amaan-2.local" time="0.002">
  <properties/>
  <testcase name="testGetPatientTask()" classname="TestSingletonSingletonDatabase" time="0.0"/>
  <testcase name="testCreateHospitalPerson()" classname="TestSingletonSingletonDatabase" time="0.0"/>
  <testcase name="testCreatePatient()" classname="TestSingletonSingletonDatabase" time="0.001"/>
  <testcase name="testGetInstance()" classname="TestSingletonSingletonDatabase" time="0.0"/>
  <system-out><![CDATA[]]></system-out>
  <system-err><![CDATA[]]></system-err>
</testsuite>
