<?xml version="1.0" encoding="UTF-8"?>
<testsuite name="TestHospitalPersonnel" tests="2" skipped="0" failures="0" errors="0" timestamp="2021-12-29T15:41:18" hostname="MacBook-Pro-de-Amaan-2.local" time="0.001">
  <properties/>
  <testcase name="testGetHospitalPersonnelEmail()" classname="TestHospitalPersonnel" time="0.0"/>
  <testcase name="testGetHospitalPersonnelPagerNum()" classname="TestHospitalPersonnel" time="0.001"/>
  <system-out><![CDATA[]]></system-out>
  <system-err><![CDATA[]]></system-err>
</testsuite>
