<?xml version="1.0" encoding="UTF-8"?>
<testsuite name="TestPerson" tests="3" skipped="0" failures="0" errors="0" timestamp="2021-12-29T22:33:34" hostname="MacBook-Pro-de-Amaan-2.local" time="0.003">
  <properties/>
  <testcase name="testGetName()" classname="TestPerson" time="0.001"/>
  <testcase name="testGetDOB()" classname="TestPerson" time="0.0"/>
  <testcase name="testGetSex()" classname="TestPerson" time="0.0"/>
  <system-out><![CDATA[]]></system-out>
  <system-err><![CDATA[]]></system-err>
</testsuite>
