<?xml version="1.0" encoding="UTF-8"?>
<testsuite name="TestPerson" tests="3" skipped="0" failures="0" errors="0" timestamp="2021-12-30T21:04:47" hostname="Ibrahims-MBP" time="0.009">
  <properties/>
  <testcase name="testGetName()" classname="TestPerson" time="0.008"/>
  <testcase name="testGetDOB()" classname="TestPerson" time="0.001"/>
  <testcase name="testGetSex()" classname="TestPerson" time="0.0"/>
  <system-out><![CDATA[]]></system-out>
  <system-err><![CDATA[]]></system-err>
</testsuite>
