<?xml version="1.0" encoding="UTF-8"?>
<testsuite name="com.example.nhs_handover_backend.NhsHandoverBackendApplicationTests" tests="1" skipped="0" failures="0" errors="0" timestamp="2022-01-22T03:39:59" hostname="Sachas-Air" time="0.494">
  <properties/>
  <testcase name="contextLoads()" classname="com.example.nhs_handover_backend.NhsHandoverBackendApplicationTests" time="0.494"/>
  <system-out><![CDATA[23:39:50.673 [Test worker] DEBUG org.springframework.test.context.BootstrapUtils - Instantiating CacheAwareContextLoaderDelegate from class [org.springframework.test.context.cache.DefaultCacheAwareContextLoaderDelegate]
23:39:50.685 [Test worker] DEBUG org.springframework.test.context.BootstrapUtils - Instantiating BootstrapContext using constructor [public org.springframework.test.context.support.DefaultBootstrapContext(java.lang.Class,org.springframework.test.context.CacheAwareContextLoaderDelegate)]
23:39:50.741 [Test worker] DEBUG org.springframework.test.context.BootstrapUtils - Instantiating TestContextBootstrapper for test class [com.example.nhs_handover_backend.NhsHandoverBackendApplicationTests] from class [org.springframework.boot.test.context.SpringBootTestContextBootstrapper]
23:39:50.755 [Test worker] INFO org.springframework.boot.test.context.SpringBootTestContextBootstrapper - Neither @ContextConfiguration nor @ContextHierarchy found for test class [com.example.nhs_handover_backend.NhsHandoverBackendApplicationTests], using SpringBootContextLoader
23:39:50.758 [Test worker] DEBUG org.springframework.test.context.support.AbstractContextLoader - Did not detect default resource location for test class [com.example.nhs_handover_backend.NhsHandoverBackendApplicationTests]: class path resource [com/example/nhs_handover_backend/NhsHandoverBackendApplicationTests-context.xml] does not exist
23:39:50.759 [Test worker] DEBUG org.springframework.test.context.support.AbstractContextLoader - Did not detect default resource location for test class [com.example.nhs_handover_backend.NhsHandoverBackendApplicationTests]: class path resource [com/example/nhs_handover_backend/NhsHandoverBackendApplicationTestsContext.groovy] does not exist
23:39:50.759 [Test worker] INFO org.springframework.test.context.support.AbstractContextLoader - Could not detect default resource locations for test class [com.example.nhs_handover_backend.NhsHandoverBackendApplicationTests]: no resource found for suffixes {-context.xml, Context.groovy}.
23:39:50.760 [Test worker] INFO org.springframework.test.context.support.AnnotationConfigContextLoaderUtils - Could not detect default configuration classes for test class [com.example.nhs_handover_backend.NhsHandoverBackendApplicationTests]: NhsHandoverBackendApplicationTests does not declare any static, non-private, non-final, nested classes annotated with @Configuration.
23:39:50.835 [Test worker] DEBUG org.springframework.test.context.support.ActiveProfilesUtils - Could not find an 'annotation declaring class' for annotation type [org.springframework.test.context.ActiveProfiles] and class [com.example.nhs_handover_backend.NhsHandoverBackendApplicationTests]
23:39:50.955 [Test worker] DEBUG org.springframework.context.annotation.ClassPathScanningCandidateComponentProvider - Identified candidate component class: file [/Users/sachaavey/Desktop/NHS app/NHS_Handover_App_Backend/build/classes/java/main/com/example/nhs_handover_backend/NhsHandoverBackendApplication.class]
23:39:50.957 [Test worker] INFO org.springframework.boot.test.context.SpringBootTestContextBootstrapper - Found @SpringBootConfiguration com.example.nhs_handover_backend.NhsHandoverBackendApplication for test class com.example.nhs_handover_backend.NhsHandoverBackendApplicationTests
23:39:51.096 [Test worker] DEBUG org.springframework.boot.test.context.SpringBootTestContextBootstrapper - @TestExecutionListeners is not present for class [com.example.nhs_handover_backend.NhsHandoverBackendApplicationTests]: using defaults.
23:39:51.097 [Test worker] INFO org.springframework.boot.test.context.SpringBootTestContextBootstrapper - Loaded default TestExecutionListener class names from location [META-INF/spring.factories]: [org.springframework.boot.test.autoconfigure.restdocs.RestDocsTestExecutionListener, org.springframework.boot.test.autoconfigure.web.client.MockRestServiceServerResetTestExecutionListener, org.springframework.boot.test.autoconfigure.web.servlet.MockMvcPrintOnlyOnFailureTestExecutionListener, org.springframework.boot.test.autoconfigure.web.servlet.WebDriverTestExecutionListener, org.springframework.boot.test.autoconfigure.webservices.client.MockWebServiceServerTestExecutionListener, org.springframework.boot.test.mock.mockito.MockitoTestExecutionListener, org.springframework.boot.test.mock.mockito.ResetMocksTestExecutionListener, org.springframework.test.context.web.ServletTestExecutionListener, org.springframework.test.context.support.DirtiesContextBeforeModesTestExecutionListener, org.springframework.test.context.event.ApplicationEventsTestExecutionListener, org.springframework.test.context.support.DependencyInjectionTestExecutionListener, org.springframework.test.context.support.DirtiesContextTestExecutionListener, org.springframework.test.context.transaction.TransactionalTestExecutionListener, org.springframework.test.context.jdbc.SqlScriptsTestExecutionListener, org.springframework.test.context.event.EventPublishingTestExecutionListener]
23:39:51.115 [Test worker] INFO org.springframework.boot.test.context.SpringBootTestContextBootstrapper - Using TestExecutionListeners: [org.springframework.test.context.web.ServletTestExecutionListener@60f7cc1d, org.springframework.test.context.support.DirtiesContextBeforeModesTestExecutionListener@11eadcba, org.springframework.test.context.event.ApplicationEventsTestExecutionListener@4721d212, org.springframework.boot.test.mock.mockito.MockitoTestExecutionListener@1b065145, org.springframework.boot.test.autoconfigure.SpringBootDependencyInjectionTestExecutionListener@45cff11c, org.springframework.test.context.support.DirtiesContextTestExecutionListener@207ea13, org.springframework.test.context.transaction.TransactionalTestExecutionListener@4bff1903, org.springframework.test.context.jdbc.SqlScriptsTestExecutionListener@62dae540, org.springframework.test.context.event.EventPublishingTestExecutionListener@5827af16, org.springframework.boot.test.autoconfigure.restdocs.RestDocsTestExecutionListener@654d8173, org.springframework.boot.test.autoconfigure.web.client.MockRestServiceServerResetTestExecutionListener@56c9bbd8, org.springframework.boot.test.autoconfigure.web.servlet.MockMvcPrintOnlyOnFailureTestExecutionListener@630cb4a4, org.springframework.boot.test.autoconfigure.web.servlet.WebDriverTestExecutionListener@636e8cc, org.springframework.boot.test.autoconfigure.webservices.client.MockWebServiceServerTestExecutionListener@f79a760, org.springframework.boot.test.mock.mockito.ResetMocksTestExecutionListener@14f5da2c]
23:39:51.118 [Test worker] DEBUG org.springframework.test.context.support.AbstractDirtiesContextTestExecutionListener - Before test class: context [DefaultTestContext@5ce33a58 testClass = NhsHandoverBackendApplicationTests, testInstance = [null], testMethod = [null], testException = [null], mergedContextConfiguration = [WebMergedContextConfiguration@78a287ed testClass = NhsHandoverBackendApplicationTests, locations = '{}', classes = '{class com.example.nhs_handover_backend.NhsHandoverBackendApplication}', contextInitializerClasses = '[]', activeProfiles = '{}', propertySourceLocations = '{}', propertySourceProperties = '{org.springframework.boot.test.context.SpringBootTestContextBootstrapper=true}', contextCustomizers = set[org.springframework.boot.test.autoconfigure.actuate.metrics.MetricsExportContextCustomizerFactory$DisableMetricExportContextCustomizer@6239aba6, org.springframework.boot.test.autoconfigure.properties.PropertyMappingContextCustomizer@0, org.springframework.boot.test.autoconfigure.web.servlet.WebDriverContextCustomizerFactory$Customizer@63f259c3, org.springframework.boot.test.context.filter.ExcludeFilterContextCustomizer@5c2375a9, org.springframework.boot.test.json.DuplicateJsonObjectContextCustomizerFactory$DuplicateJsonObjectContextCustomizer@7a55af6b, org.springframework.boot.test.mock.mockito.MockitoContextCustomizer@0, org.springframework.boot.test.web.client.TestRestTemplateContextCustomizer@2bb3058, org.springframework.boot.test.context.SpringBootTestArgs@1, org.springframework.boot.test.context.SpringBootTestWebEnvironment@707194ba], resourceBasePath = 'src/main/webapp', contextLoader = 'org.springframework.boot.test.context.SpringBootContextLoader', parent = [null]], attributes = map['org.springframework.test.context.web.ServletTestExecutionListener.activateListener' -> true]], class annotated with @DirtiesContext [false] with mode [null].
23:39:51.225 [Test worker] DEBUG org.springframework.boot.ApplicationServletEnvironment - Activating profiles []
23:39:51.226 [Test worker] DEBUG org.springframework.test.context.support.TestPropertySourceUtils - Adding inlined properties to environment: {spring.jmx.enabled=false, org.springframework.boot.test.context.SpringBootTestContextBootstrapper=true}

  .   ____          _            __ _ _
 /\\ / ___'_ __ _ _(_)_ __  __ _ \ \ \ \
( ( )\___ | '_ | '_| | '_ \/ _` | \ \ \ \
 \\/  ___)| |_)| | | | | || (_| |  ) ) ) )
  '  |____| .__|_| |_|_| |_\__, | / / / /
 =========|_|==============|___/=/_/_/_/
 :: Spring Boot ::                (v2.6.2)

2022-01-21 23:39:51.655  INFO 45182 --- [    Test worker] c.e.n.NhsHandoverBackendApplicationTests : Starting NhsHandoverBackendApplicationTests using Java 16.0.2 on Sachas-Air with PID 45182 (started by sachaavey in /Users/sachaavey/Desktop/NHS app/NHS_Handover_App_Backend)
2022-01-21 23:39:51.656  INFO 45182 --- [    Test worker] c.e.n.NhsHandoverBackendApplicationTests : No active profile set, falling back to default profiles: default
2022-01-21 23:39:52.890  INFO 45182 --- [    Test worker] .s.d.r.c.RepositoryConfigurationDelegate : Bootstrapping Spring Data JPA repositories in DEFAULT mode.
2022-01-21 23:39:53.053  INFO 45182 --- [    Test worker] .s.d.r.c.RepositoryConfigurationDelegate : Finished Spring Data repository scanning in 148 ms. Found 6 JPA repository interfaces.
2022-01-21 23:39:54.842  INFO 45182 --- [    Test worker] o.hibernate.jpa.internal.util.LogHelper  : HHH000204: Processing PersistenceUnitInfo [name: default]
2022-01-21 23:39:54.889  INFO 45182 --- [    Test worker] org.hibernate.Version                    : HHH000412: Hibernate ORM core version 5.6.3.Final
2022-01-21 23:39:55.041  INFO 45182 --- [    Test worker] o.hibernate.annotations.common.Version   : HCANN000001: Hibernate Commons Annotations {5.1.2.Final}
2022-01-21 23:39:55.148  INFO 45182 --- [    Test worker] com.zaxxer.hikari.HikariDataSource       : HikariPool-1 - Starting...
2022-01-21 23:39:55.291  INFO 45182 --- [    Test worker] com.zaxxer.hikari.HikariDataSource       : HikariPool-1 - Start completed.
2022-01-21 23:39:55.309  INFO 45182 --- [    Test worker] org.hibernate.dialect.Dialect            : HHH000400: Using dialect: org.hibernate.dialect.PostgreSQLDialect
Hibernate: 
    
    alter table consultant 
       drop constraint FKc1ig63jd5jy0kun4yqfgff6w5
Hibernate: 
    
    alter table hospital_personnel 
       drop constraint FKqr99syxnuwnxe95cnmk7t0bjm
Hibernate: 
    
    alter table junior_doctor 
       drop constraint FKbid3urfmf14dpcdl6qpng65o2
Hibernate: 
    
    alter table patient 
       drop constraint FKaxjru7sr936i3y7dy396vnon8
Hibernate: 
    
    alter table task 
       drop constraint FK8acaggdnfid2i8609xhg70454
Hibernate: 
    
    alter table task 
       drop constraint FKrh637elq1ebloecodg443koy1
Hibernate: 
    
    drop table if exists consultant cascade
Hibernate: 
    
    drop table if exists hospital_personnel cascade
Hibernate: 
    
    drop table if exists junior_doctor cascade
Hibernate: 
    
    drop table if exists patient cascade
Hibernate: 
    
    drop table if exists person cascade
Hibernate: 
    
    drop table if exists task cascade
Hibernate: 
    
    drop sequence if exists hibernate_sequence
Hibernate: create sequence hibernate_sequence start 1 increment 1
Hibernate: 
    
    create table consultant (
       id int8 not null,
        primary key (id)
    )
Hibernate: 
    
    create table hospital_personnel (
       email varchar(255),
        num_pager varchar(255),
        password varchar(255),
        id int8 not null,
        primary key (id)
    )
Hibernate: 
    
    create table junior_doctor (
       id int8 not null,
        primary key (id)
    )
Hibernate: 
    
    create table patient (
       nummrn varchar(255),
        patient_location varchar(255),
        id int8 not null,
        primary key (id)
    )
Hibernate: 
    
    create table person (
       id int8 not null,
        dob varchar(255),
        name varchar(255),
        sex varchar(255),
        primary key (id)
    )
Hibernate: 
    
    create table task (
       id int8 not null,
        additional_notes varchar(255),
        covid_status varchar(255),
        creation_time varchar(255),
        duraton varchar(255),
        history varchar(255),
        seniority_required varchar(255),
        status boolean,
        task_descript varchar(255),
        urgency varchar(255),
        doctor_of_task_id int8,
        patient_object_id int8,
        primary key (id)
    )
Hibernate: 
    
    alter table consultant 
       add constraint FKc1ig63jd5jy0kun4yqfgff6w5 
       foreign key (id) 
       references hospital_personnel
Hibernate: 
    
    alter table hospital_personnel 
       add constraint FKqr99syxnuwnxe95cnmk7t0bjm 
       foreign key (id) 
       references person
Hibernate: 
    
    alter table junior_doctor 
       add constraint FKbid3urfmf14dpcdl6qpng65o2 
       foreign key (id) 
       references hospital_personnel
Hibernate: 
    
    alter table patient 
       add constraint FKaxjru7sr936i3y7dy396vnon8 
       foreign key (id) 
       references person
Hibernate: 
    
    alter table task 
       add constraint FK8acaggdnfid2i8609xhg70454 
       foreign key (doctor_of_task_id) 
       references junior_doctor
Hibernate: 
    
    alter table task 
       add constraint FKrh637elq1ebloecodg443koy1 
       foreign key (patient_object_id) 
       references patient
2022-01-21 23:39:56.178  INFO 45182 --- [    Test worker] o.h.e.t.j.p.i.JtaPlatformInitiator       : HHH000490: Using JtaPlatform implementation: [org.hibernate.engine.transaction.jta.platform.internal.NoJtaPlatform]
2022-01-21 23:39:56.187  INFO 45182 --- [    Test worker] j.LocalContainerEntityManagerFactoryBean : Initialized JPA EntityManagerFactory for persistence unit 'default'
2022-01-21 23:39:57.575  WARN 45182 --- [    Test worker] JpaBaseConfiguration$JpaWebConfiguration : spring.jpa.open-in-view is enabled by default. Therefore, database queries may be performed during view rendering. Explicitly configure spring.jpa.open-in-view to disable this warning
2022-01-21 23:39:59.257  INFO 45182 --- [    Test worker] c.e.n.NhsHandoverBackendApplicationTests : Started NhsHandoverBackendApplicationTests in 8.024 seconds (JVM running for 9.868)
]]></system-out>
  <system-err><![CDATA[]]></system-err>
</testsuite>
