<?xml version="1.0" encoding="UTF-8"?>
<testsuite name="TestPerson" tests="3" skipped="0" failures="0" errors="0" timestamp="2022-01-01T16:55:58" hostname="MacBook-Pro-de-Amaan-2.local" time="0.018">
  <properties/>
  <testcase name="testGetName()" classname="TestPerson" time="0.016"/>
  <testcase name="testGetDOB()" classname="TestPerson" time="0.0"/>
  <testcase name="testGetSex()" classname="TestPerson" time="0.0"/>
  <system-out><![CDATA[]]></system-out>
  <system-err><![CDATA[]]></system-err>
</testsuite>
