<?xml version="1.0" encoding="UTF-8"?>
<testsuite name="TestJuniorDoctor" tests="2" skipped="0" failures="0" errors="0" timestamp="2021-12-31T20:18:06" hostname="Sachas-MacBook-Air.local" time="0.001">
  <properties/>
  <testcase name="testGetTasks()" classname="TestJuniorDoctor" time="0.0"/>
  <testcase name="takeUpTask()" classname="TestJuniorDoctor" time="0.001"/>
  <system-out><![CDATA[]]></system-out>
  <system-err><![CDATA[]]></system-err>
</testsuite>
