<?xml version="1.0" encoding="UTF-8"?>
<testsuite name="com.example.nhs_handover_backend.NhsHandoverBackendApplicationTests" tests="1" skipped="0" failures="0" errors="0" timestamp="2022-01-18T20:20:55" hostname="Sachas-Air" time="0.294">
  <properties/>
  <testcase name="contextLoads()" classname="com.example.nhs_handover_backend.NhsHandoverBackendApplicationTests" time="0.294"/>
  <system-out><![CDATA[16:20:48.399 [Test worker] DEBUG org.springframework.test.context.BootstrapUtils - Instantiating CacheAwareContextLoaderDelegate from class [org.springframework.test.context.cache.DefaultCacheAwareContextLoaderDelegate]
16:20:48.410 [Test worker] DEBUG org.springframework.test.context.BootstrapUtils - Instantiating BootstrapContext using constructor [public org.springframework.test.context.support.DefaultBootstrapContext(java.lang.Class,org.springframework.test.context.CacheAwareContextLoaderDelegate)]
16:20:48.468 [Test worker] DEBUG org.springframework.test.context.BootstrapUtils - Instantiating TestContextBootstrapper for test class [com.example.nhs_handover_backend.NhsHandoverBackendApplicationTests] from class [org.springframework.boot.test.context.SpringBootTestContextBootstrapper]
16:20:48.485 [Test worker] INFO org.springframework.boot.test.context.SpringBootTestContextBootstrapper - Neither @ContextConfiguration nor @ContextHierarchy found for test class [com.example.nhs_handover_backend.NhsHandoverBackendApplicationTests], using SpringBootContextLoader
16:20:48.488 [Test worker] DEBUG org.springframework.test.context.support.AbstractContextLoader - Did not detect default resource location for test class [com.example.nhs_handover_backend.NhsHandoverBackendApplicationTests]: class path resource [com/example/nhs_handover_backend/NhsHandoverBackendApplicationTests-context.xml] does not exist
16:20:48.488 [Test worker] DEBUG org.springframework.test.context.support.AbstractContextLoader - Did not detect default resource location for test class [com.example.nhs_handover_backend.NhsHandoverBackendApplicationTests]: class path resource [com/example/nhs_handover_backend/NhsHandoverBackendApplicationTestsContext.groovy] does not exist
16:20:48.489 [Test worker] INFO org.springframework.test.context.support.AbstractContextLoader - Could not detect default resource locations for test class [com.example.nhs_handover_backend.NhsHandoverBackendApplicationTests]: no resource found for suffixes {-context.xml, Context.groovy}.
16:20:48.489 [Test worker] INFO org.springframework.test.context.support.AnnotationConfigContextLoaderUtils - Could not detect default configuration classes for test class [com.example.nhs_handover_backend.NhsHandoverBackendApplicationTests]: NhsHandoverBackendApplicationTests does not declare any static, non-private, non-final, nested classes annotated with @Configuration.
16:20:48.541 [Test worker] DEBUG org.springframework.test.context.support.ActiveProfilesUtils - Could not find an 'annotation declaring class' for annotation type [org.springframework.test.context.ActiveProfiles] and class [com.example.nhs_handover_backend.NhsHandoverBackendApplicationTests]
16:20:48.630 [Test worker] DEBUG org.springframework.context.annotation.ClassPathScanningCandidateComponentProvider - Identified candidate component class: file [/Users/sachaavey/Desktop/NHS app/NHS_Handover_App_Backend/build/classes/java/main/com/example/nhs_handover_backend/NhsHandoverBackendApplication.class]
16:20:48.632 [Test worker] INFO org.springframework.boot.test.context.SpringBootTestContextBootstrapper - Found @SpringBootConfiguration com.example.nhs_handover_backend.NhsHandoverBackendApplication for test class com.example.nhs_handover_backend.NhsHandoverBackendApplicationTests
16:20:48.747 [Test worker] DEBUG org.springframework.boot.test.context.SpringBootTestContextBootstrapper - @TestExecutionListeners is not present for class [com.example.nhs_handover_backend.NhsHandoverBackendApplicationTests]: using defaults.
16:20:48.749 [Test worker] INFO org.springframework.boot.test.context.SpringBootTestContextBootstrapper - Loaded default TestExecutionListener class names from location [META-INF/spring.factories]: [org.springframework.boot.test.autoconfigure.restdocs.RestDocsTestExecutionListener, org.springframework.boot.test.autoconfigure.web.client.MockRestServiceServerResetTestExecutionListener, org.springframework.boot.test.autoconfigure.web.servlet.MockMvcPrintOnlyOnFailureTestExecutionListener, org.springframework.boot.test.autoconfigure.web.servlet.WebDriverTestExecutionListener, org.springframework.boot.test.autoconfigure.webservices.client.MockWebServiceServerTestExecutionListener, org.springframework.boot.test.mock.mockito.MockitoTestExecutionListener, org.springframework.boot.test.mock.mockito.ResetMocksTestExecutionListener, org.springframework.test.context.web.ServletTestExecutionListener, org.springframework.test.context.support.DirtiesContextBeforeModesTestExecutionListener, org.springframework.test.context.event.ApplicationEventsTestExecutionListener, org.springframework.test.context.support.DependencyInjectionTestExecutionListener, org.springframework.test.context.support.DirtiesContextTestExecutionListener, org.springframework.test.context.transaction.TransactionalTestExecutionListener, org.springframework.test.context.jdbc.SqlScriptsTestExecutionListener, org.springframework.test.context.event.EventPublishingTestExecutionListener]
16:20:48.763 [Test worker] INFO org.springframework.boot.test.context.SpringBootTestContextBootstrapper - Using TestExecutionListeners: [org.springframework.test.context.web.ServletTestExecutionListener@4b672daa, org.springframework.test.context.support.DirtiesContextBeforeModesTestExecutionListener@ea9b7c6, org.springframework.test.context.event.ApplicationEventsTestExecutionListener@e077866, org.springframework.boot.test.mock.mockito.MockitoTestExecutionListener@ed3068a, org.springframework.boot.test.autoconfigure.SpringBootDependencyInjectionTestExecutionListener@7c2b6087, org.springframework.test.context.support.DirtiesContextTestExecutionListener@3fffff43, org.springframework.test.context.transaction.TransactionalTestExecutionListener@a8e6492, org.springframework.test.context.jdbc.SqlScriptsTestExecutionListener@1c7fd41f, org.springframework.test.context.event.EventPublishingTestExecutionListener@3b77a04f, org.springframework.boot.test.autoconfigure.restdocs.RestDocsTestExecutionListener@7b324585, org.springframework.boot.test.autoconfigure.web.client.MockRestServiceServerResetTestExecutionListener@2e11485, org.springframework.boot.test.autoconfigure.web.servlet.MockMvcPrintOnlyOnFailureTestExecutionListener@60dce7ea, org.springframework.boot.test.autoconfigure.web.servlet.WebDriverTestExecutionListener@662f5666, org.springframework.boot.test.autoconfigure.webservices.client.MockWebServiceServerTestExecutionListener@fd8294b, org.springframework.boot.test.mock.mockito.ResetMocksTestExecutionListener@5974109]
16:20:48.767 [Test worker] DEBUG org.springframework.test.context.support.AbstractDirtiesContextTestExecutionListener - Before test class: context [DefaultTestContext@f73dcd6 testClass = NhsHandoverBackendApplicationTests, testInstance = [null], testMethod = [null], testException = [null], mergedContextConfiguration = [WebMergedContextConfiguration@5c87bfe2 testClass = NhsHandoverBackendApplicationTests, locations = '{}', classes = '{class com.example.nhs_handover_backend.NhsHandoverBackendApplication}', contextInitializerClasses = '[]', activeProfiles = '{}', propertySourceLocations = '{}', propertySourceProperties = '{org.springframework.boot.test.context.SpringBootTestContextBootstrapper=true}', contextCustomizers = set[org.springframework.boot.test.autoconfigure.actuate.metrics.MetricsExportContextCustomizerFactory$DisableMetricExportContextCustomizer@5454d35e, org.springframework.boot.test.autoconfigure.properties.PropertyMappingContextCustomizer@0, org.springframework.boot.test.autoconfigure.web.servlet.WebDriverContextCustomizerFactory$Customizer@7393222f, org.springframework.boot.test.context.filter.ExcludeFilterContextCustomizer@3688eb5b, org.springframework.boot.test.json.DuplicateJsonObjectContextCustomizerFactory$DuplicateJsonObjectContextCustomizer@457c9034, org.springframework.boot.test.mock.mockito.MockitoContextCustomizer@0, org.springframework.boot.test.web.client.TestRestTemplateContextCustomizer@36060e, org.springframework.boot.test.context.SpringBootTestArgs@1, org.springframework.boot.test.context.SpringBootTestWebEnvironment@6f4a47c7], resourceBasePath = 'src/main/webapp', contextLoader = 'org.springframework.boot.test.context.SpringBootContextLoader', parent = [null]], attributes = map['org.springframework.test.context.web.ServletTestExecutionListener.activateListener' -> true]], class annotated with @DirtiesContext [false] with mode [null].
16:20:48.860 [Test worker] DEBUG org.springframework.boot.ApplicationServletEnvironment - Activating profiles []
16:20:48.863 [Test worker] DEBUG org.springframework.test.context.support.TestPropertySourceUtils - Adding inlined properties to environment: {spring.jmx.enabled=false, org.springframework.boot.test.context.SpringBootTestContextBootstrapper=true}

  .   ____          _            __ _ _
 /\\ / ___'_ __ _ _(_)_ __  __ _ \ \ \ \
( ( )\___ | '_ | '_| | '_ \/ _` | \ \ \ \
 \\/  ___)| |_)| | | | | || (_| |  ) ) ) )
  '  |____| .__|_| |_|_| |_\__, | / / / /
 =========|_|==============|___/=/_/_/_/
 :: Spring Boot ::                (v2.6.2)

2022-01-18 16:20:49.255  INFO 7197 --- [    Test worker] c.e.n.NhsHandoverBackendApplicationTests : Starting NhsHandoverBackendApplicationTests using Java 16.0.2 on Sachas-Air with PID 7197 (started by sachaavey in /Users/sachaavey/Desktop/NHS app/NHS_Handover_App_Backend)
2022-01-18 16:20:49.256  INFO 7197 --- [    Test worker] c.e.n.NhsHandoverBackendApplicationTests : No active profile set, falling back to default profiles: default
2022-01-18 16:20:50.452  INFO 7197 --- [    Test worker] .s.d.r.c.RepositoryConfigurationDelegate : Bootstrapping Spring Data JPA repositories in DEFAULT mode.
2022-01-18 16:20:50.566  INFO 7197 --- [    Test worker] .s.d.r.c.RepositoryConfigurationDelegate : Finished Spring Data repository scanning in 104 ms. Found 5 JPA repository interfaces.
2022-01-18 16:20:51.566  INFO 7197 --- [    Test worker] o.hibernate.jpa.internal.util.LogHelper  : HHH000204: Processing PersistenceUnitInfo [name: default]
2022-01-18 16:20:51.606  INFO 7197 --- [    Test worker] org.hibernate.Version                    : HHH000412: Hibernate ORM core version 5.6.3.Final
2022-01-18 16:20:51.758  INFO 7197 --- [    Test worker] o.hibernate.annotations.common.Version   : HCANN000001: Hibernate Commons Annotations {5.1.2.Final}
2022-01-18 16:20:51.851  INFO 7197 --- [    Test worker] com.zaxxer.hikari.HikariDataSource       : HikariPool-1 - Starting...
2022-01-18 16:20:51.986  INFO 7197 --- [    Test worker] com.zaxxer.hikari.HikariDataSource       : HikariPool-1 - Start completed.
2022-01-18 16:20:52.004  INFO 7197 --- [    Test worker] org.hibernate.dialect.Dialect            : HHH000400: Using dialect: org.hibernate.dialect.PostgreSQLDialect
Hibernate: 
    
    alter table hospital_personnel 
       drop constraint FKqr99syxnuwnxe95cnmk7t0bjm
Hibernate: 
    
    alter table junior_doctor 
       drop constraint FKbid3urfmf14dpcdl6qpng65o2
Hibernate: 
    
    alter table patient 
       drop constraint FKaxjru7sr936i3y7dy396vnon8
Hibernate: 
    
    alter table task 
       drop constraint FK8acaggdnfid2i8609xhg70454
Hibernate: 
    
    alter table task 
       drop constraint FKrh637elq1ebloecodg443koy1
Hibernate: 
    
    drop table if exists hospital_personnel cascade
Hibernate: 
    
    drop table if exists junior_doctor cascade
Hibernate: 
    
    drop table if exists patient cascade
Hibernate: 
    
    drop table if exists person cascade
Hibernate: 
    
    drop table if exists task cascade
Hibernate: 
    
    drop sequence if exists hibernate_sequence
Hibernate: create sequence hibernate_sequence start 1 increment 1
Hibernate: 
    
    create table hospital_personnel (
       email varchar(255),
        num_pager varchar(255),
        id int8 not null,
        primary key (id)
    )
Hibernate: 
    
    create table junior_doctor (
       id int8 not null,
        primary key (id)
    )
Hibernate: 
    
    create table patient (
       nummrn varchar(255),
        patient_location varchar(255),
        id int8 not null,
        primary key (id)
    )
Hibernate: 
    
    create table person (
       id int8 not null,
        dob varchar(255),
        name varchar(255),
        sex varchar(255),
        primary key (id)
    )
Hibernate: 
    
    create table task (
       id int8 not null,
        additional_notes varchar(255),
        creation_time varchar(255),
        history varchar(255),
        seniority_required varchar(255),
        status boolean,
        task_descript varchar(255),
        doctor_of_task_id int8,
        patient_object_id int8,
        primary key (id)
    )
Hibernate: 
    
    alter table hospital_personnel 
       add constraint FKqr99syxnuwnxe95cnmk7t0bjm 
       foreign key (id) 
       references person
Hibernate: 
    
    alter table junior_doctor 
       add constraint FKbid3urfmf14dpcdl6qpng65o2 
       foreign key (id) 
       references hospital_personnel
Hibernate: 
    
    alter table patient 
       add constraint FKaxjru7sr936i3y7dy396vnon8 
       foreign key (id) 
       references person
Hibernate: 
    
    alter table task 
       add constraint FK8acaggdnfid2i8609xhg70454 
       foreign key (doctor_of_task_id) 
       references junior_doctor
Hibernate: 
    
    alter table task 
       add constraint FKrh637elq1ebloecodg443koy1 
       foreign key (patient_object_id) 
       references patient
2022-01-18 16:20:52.825  INFO 7197 --- [    Test worker] o.h.e.t.j.p.i.JtaPlatformInitiator       : HHH000490: Using JtaPlatform implementation: [org.hibernate.engine.transaction.jta.platform.internal.NoJtaPlatform]
2022-01-18 16:20:52.839  INFO 7197 --- [    Test worker] j.LocalContainerEntityManagerFactoryBean : Initialized JPA EntityManagerFactory for persistence unit 'default'
2022-01-18 16:20:53.901  WARN 7197 --- [    Test worker] JpaBaseConfiguration$JpaWebConfiguration : spring.jpa.open-in-view is enabled by default. Therefore, database queries may be performed during view rendering. Explicitly configure spring.jpa.open-in-view to disable this warning
2022-01-18 16:20:55.178  INFO 7197 --- [    Test worker] c.e.n.NhsHandoverBackendApplicationTests : Started NhsHandoverBackendApplicationTests in 6.312 seconds (JVM running for 8.184)
]]></system-out>
  <system-err><![CDATA[]]></system-err>
</testsuite>
