<?xml version="1.0" encoding="UTF-8"?>
<testsuite name="com.example.nhs_handover_backend.TestPatient" tests="3" skipped="0" failures="0" errors="0" timestamp="2022-01-18T20:41:33" hostname="Sachas-Air" time="0.007">
  <properties/>
  <testcase name="testGetPatientLocation()" classname="com.example.nhs_handover_backend.TestPatient" time="0.005"/>
  <testcase name="testSetPatientLocation()" classname="com.example.nhs_handover_backend.TestPatient" time="0.001"/>
  <testcase name="testGetNumMRN()" classname="com.example.nhs_handover_backend.TestPatient" time="0.001"/>
  <system-out><![CDATA[]]></system-out>
  <system-err><![CDATA[]]></system-err>
</testsuite>
