<?xml version="1.0" encoding="UTF-8"?>
<testsuite name="TestConsultant" tests="4" skipped="0" failures="0" errors="0" timestamp="2021-12-31T17:42:02" hostname="Sachas-MacBook-Air.local" time="0.008">
  <properties/>
  <testcase name="testGetTasks()" classname="TestConsultant" time="0.001"/>
  <testcase name="testGetAllTasks()" classname="TestConsultant" time="0.001"/>
  <testcase name="testGetCompletedTasks()" classname="TestConsultant" time="0.001"/>
  <testcase name="testGetDoctorTasks()" classname="TestConsultant" time="0.002"/>
  <system-out><![CDATA[]]></system-out>
  <system-err><![CDATA[]]></system-err>
</testsuite>
