<?xml version="1.0" encoding="UTF-8"?>
<testsuite name="TestJuniorDoctor" tests="2" skipped="0" failures="0" errors="0" timestamp="2021-12-31T17:42:02" hostname="Sachas-MacBook-Air.local" time="0.004">
  <properties/>
  <testcase name="testGetTasks()" classname="TestJuniorDoctor" time="0.001"/>
  <testcase name="takeUpTask()" classname="TestJuniorDoctor" time="0.003"/>
  <system-out><![CDATA[]]></system-out>
  <system-err><![CDATA[]]></system-err>
</testsuite>
