<?xml version="1.0" encoding="UTF-8"?>
<testsuite name="TestPatient" tests="4" skipped="0" failures="0" errors="0" timestamp="2022-01-07T17:18:16" hostname="DESKTOP-8UARG3K" time="0.004">
  <properties/>
  <testcase name="testGetCOVIDStatus()" classname="TestPatient" time="0.001"/>
  <testcase name="testGetPatientLocation()" classname="TestPatient" time="0.001"/>
  <testcase name="testSetPatientLocation()" classname="TestPatient" time="0.0"/>
  <testcase name="testGetNumMRN()" classname="TestPatient" time="0.0"/>
  <system-out><![CDATA[]]></system-out>
  <system-err><![CDATA[]]></system-err>
</testsuite>
