<?xml version="1.0" encoding="UTF-8"?>
<testsuite name="com.example.nhs_handover_backend.NhsHandoverBackendApplicationTests" tests="1" skipped="0" failures="0" errors="0" timestamp="2022-01-20T16:13:40" hostname="Sachas-Air" time="0.242">
  <properties/>
  <testcase name="contextLoads()" classname="com.example.nhs_handover_backend.NhsHandoverBackendApplicationTests" time="0.242"/>
  <system-out><![CDATA[12:13:33.597 [Test worker] DEBUG org.springframework.test.context.BootstrapUtils - Instantiating CacheAwareContextLoaderDelegate from class [org.springframework.test.context.cache.DefaultCacheAwareContextLoaderDelegate]
12:13:33.609 [Test worker] DEBUG org.springframework.test.context.BootstrapUtils - Instantiating BootstrapContext using constructor [public org.springframework.test.context.support.DefaultBootstrapContext(java.lang.Class,org.springframework.test.context.CacheAwareContextLoaderDelegate)]
12:13:33.665 [Test worker] DEBUG org.springframework.test.context.BootstrapUtils - Instantiating TestContextBootstrapper for test class [com.example.nhs_handover_backend.NhsHandoverBackendApplicationTests] from class [org.springframework.boot.test.context.SpringBootTestContextBootstrapper]
12:13:33.679 [Test worker] INFO org.springframework.boot.test.context.SpringBootTestContextBootstrapper - Neither @ContextConfiguration nor @ContextHierarchy found for test class [com.example.nhs_handover_backend.NhsHandoverBackendApplicationTests], using SpringBootContextLoader
12:13:33.683 [Test worker] DEBUG org.springframework.test.context.support.AbstractContextLoader - Did not detect default resource location for test class [com.example.nhs_handover_backend.NhsHandoverBackendApplicationTests]: class path resource [com/example/nhs_handover_backend/NhsHandoverBackendApplicationTests-context.xml] does not exist
12:13:33.683 [Test worker] DEBUG org.springframework.test.context.support.AbstractContextLoader - Did not detect default resource location for test class [com.example.nhs_handover_backend.NhsHandoverBackendApplicationTests]: class path resource [com/example/nhs_handover_backend/NhsHandoverBackendApplicationTestsContext.groovy] does not exist
12:13:33.683 [Test worker] INFO org.springframework.test.context.support.AbstractContextLoader - Could not detect default resource locations for test class [com.example.nhs_handover_backend.NhsHandoverBackendApplicationTests]: no resource found for suffixes {-context.xml, Context.groovy}.
12:13:33.684 [Test worker] INFO org.springframework.test.context.support.AnnotationConfigContextLoaderUtils - Could not detect default configuration classes for test class [com.example.nhs_handover_backend.NhsHandoverBackendApplicationTests]: NhsHandoverBackendApplicationTests does not declare any static, non-private, non-final, nested classes annotated with @Configuration.
12:13:33.748 [Test worker] DEBUG org.springframework.test.context.support.ActiveProfilesUtils - Could not find an 'annotation declaring class' for annotation type [org.springframework.test.context.ActiveProfiles] and class [com.example.nhs_handover_backend.NhsHandoverBackendApplicationTests]
12:13:33.841 [Test worker] DEBUG org.springframework.context.annotation.ClassPathScanningCandidateComponentProvider - Identified candidate component class: file [/Users/sachaavey/Desktop/NHS app/NHS_Handover_App_Backend/build/classes/java/main/com/example/nhs_handover_backend/NhsHandoverBackendApplication.class]
12:13:33.845 [Test worker] INFO org.springframework.boot.test.context.SpringBootTestContextBootstrapper - Found @SpringBootConfiguration com.example.nhs_handover_backend.NhsHandoverBackendApplication for test class com.example.nhs_handover_backend.NhsHandoverBackendApplicationTests
12:13:33.975 [Test worker] DEBUG org.springframework.boot.test.context.SpringBootTestContextBootstrapper - @TestExecutionListeners is not present for class [com.example.nhs_handover_backend.NhsHandoverBackendApplicationTests]: using defaults.
12:13:33.976 [Test worker] INFO org.springframework.boot.test.context.SpringBootTestContextBootstrapper - Loaded default TestExecutionListener class names from location [META-INF/spring.factories]: [org.springframework.boot.test.autoconfigure.restdocs.RestDocsTestExecutionListener, org.springframework.boot.test.autoconfigure.web.client.MockRestServiceServerResetTestExecutionListener, org.springframework.boot.test.autoconfigure.web.servlet.MockMvcPrintOnlyOnFailureTestExecutionListener, org.springframework.boot.test.autoconfigure.web.servlet.WebDriverTestExecutionListener, org.springframework.boot.test.autoconfigure.webservices.client.MockWebServiceServerTestExecutionListener, org.springframework.boot.test.mock.mockito.MockitoTestExecutionListener, org.springframework.boot.test.mock.mockito.ResetMocksTestExecutionListener, org.springframework.test.context.web.ServletTestExecutionListener, org.springframework.test.context.support.DirtiesContextBeforeModesTestExecutionListener, org.springframework.test.context.event.ApplicationEventsTestExecutionListener, org.springframework.test.context.support.DependencyInjectionTestExecutionListener, org.springframework.test.context.support.DirtiesContextTestExecutionListener, org.springframework.test.context.transaction.TransactionalTestExecutionListener, org.springframework.test.context.jdbc.SqlScriptsTestExecutionListener, org.springframework.test.context.event.EventPublishingTestExecutionListener]
12:13:33.990 [Test worker] INFO org.springframework.boot.test.context.SpringBootTestContextBootstrapper - Using TestExecutionListeners: [org.springframework.test.context.web.ServletTestExecutionListener@3b77a04f, org.springframework.test.context.support.DirtiesContextBeforeModesTestExecutionListener@7b324585, org.springframework.test.context.event.ApplicationEventsTestExecutionListener@2e11485, org.springframework.boot.test.mock.mockito.MockitoTestExecutionListener@60dce7ea, org.springframework.boot.test.autoconfigure.SpringBootDependencyInjectionTestExecutionListener@662f5666, org.springframework.test.context.support.DirtiesContextTestExecutionListener@fd8294b, org.springframework.test.context.transaction.TransactionalTestExecutionListener@5974109, org.springframework.test.context.jdbc.SqlScriptsTestExecutionListener@27305e6, org.springframework.test.context.event.EventPublishingTestExecutionListener@1ef3efa8, org.springframework.boot.test.autoconfigure.restdocs.RestDocsTestExecutionListener@502f1f4c, org.springframework.boot.test.autoconfigure.web.client.MockRestServiceServerResetTestExecutionListener@6f8f9349, org.springframework.boot.test.autoconfigure.web.servlet.MockMvcPrintOnlyOnFailureTestExecutionListener@75c9e76b, org.springframework.boot.test.autoconfigure.web.servlet.WebDriverTestExecutionListener@7446d8d5, org.springframework.boot.test.autoconfigure.webservices.client.MockWebServiceServerTestExecutionListener@5c3b6c6e, org.springframework.boot.test.mock.mockito.ResetMocksTestExecutionListener@4fbda97b]
12:13:33.993 [Test worker] DEBUG org.springframework.test.context.support.AbstractDirtiesContextTestExecutionListener - Before test class: context [DefaultTestContext@7a791b66 testClass = NhsHandoverBackendApplicationTests, testInstance = [null], testMethod = [null], testException = [null], mergedContextConfiguration = [WebMergedContextConfiguration@6f2cb653 testClass = NhsHandoverBackendApplicationTests, locations = '{}', classes = '{class com.example.nhs_handover_backend.NhsHandoverBackendApplication}', contextInitializerClasses = '[]', activeProfiles = '{}', propertySourceLocations = '{}', propertySourceProperties = '{org.springframework.boot.test.context.SpringBootTestContextBootstrapper=true}', contextCustomizers = set[org.springframework.boot.test.autoconfigure.actuate.metrics.MetricsExportContextCustomizerFactory$DisableMetricExportContextCustomizer@1115ec15, org.springframework.boot.test.autoconfigure.properties.PropertyMappingContextCustomizer@0, org.springframework.boot.test.autoconfigure.web.servlet.WebDriverContextCustomizerFactory$Customizer@457c9034, org.springframework.boot.test.context.filter.ExcludeFilterContextCustomizer@51549490, org.springframework.boot.test.json.DuplicateJsonObjectContextCustomizerFactory$DuplicateJsonObjectContextCustomizer@36a5cabc, org.springframework.boot.test.mock.mockito.MockitoContextCustomizer@0, org.springframework.boot.test.web.client.TestRestTemplateContextCustomizer@7e5c856f, org.springframework.boot.test.context.SpringBootTestArgs@1, org.springframework.boot.test.context.SpringBootTestWebEnvironment@4009e306], resourceBasePath = 'src/main/webapp', contextLoader = 'org.springframework.boot.test.context.SpringBootContextLoader', parent = [null]], attributes = map['org.springframework.test.context.web.ServletTestExecutionListener.activateListener' -> true]], class annotated with @DirtiesContext [false] with mode [null].
12:13:34.091 [Test worker] DEBUG org.springframework.boot.ApplicationServletEnvironment - Activating profiles []
12:13:34.092 [Test worker] DEBUG org.springframework.test.context.support.TestPropertySourceUtils - Adding inlined properties to environment: {spring.jmx.enabled=false, org.springframework.boot.test.context.SpringBootTestContextBootstrapper=true}

  .   ____          _            __ _ _
 /\\ / ___'_ __ _ _(_)_ __  __ _ \ \ \ \
( ( )\___ | '_ | '_| | '_ \/ _` | \ \ \ \
 \\/  ___)| |_)| | | | | || (_| |  ) ) ) )
  '  |____| .__|_| |_|_| |_\__, | / / / /
 =========|_|==============|___/=/_/_/_/
 :: Spring Boot ::                (v2.6.2)

2022-01-20 12:13:34.484  INFO 18048 --- [    Test worker] c.e.n.NhsHandoverBackendApplicationTests : Starting NhsHandoverBackendApplicationTests using Java 16.0.2 on Sachas-Air with PID 18048 (started by sachaavey in /Users/sachaavey/Desktop/NHS app/NHS_Handover_App_Backend)
2022-01-20 12:13:34.485  INFO 18048 --- [    Test worker] c.e.n.NhsHandoverBackendApplicationTests : No active profile set, falling back to default profiles: default
2022-01-20 12:13:35.656  INFO 18048 --- [    Test worker] .s.d.r.c.RepositoryConfigurationDelegate : Bootstrapping Spring Data JPA repositories in DEFAULT mode.
2022-01-20 12:13:35.785  INFO 18048 --- [    Test worker] .s.d.r.c.RepositoryConfigurationDelegate : Finished Spring Data repository scanning in 118 ms. Found 6 JPA repository interfaces.
2022-01-20 12:13:36.807  INFO 18048 --- [    Test worker] o.hibernate.jpa.internal.util.LogHelper  : HHH000204: Processing PersistenceUnitInfo [name: default]
2022-01-20 12:13:36.856  INFO 18048 --- [    Test worker] org.hibernate.Version                    : HHH000412: Hibernate ORM core version 5.6.3.Final
2022-01-20 12:13:37.012  INFO 18048 --- [    Test worker] o.hibernate.annotations.common.Version   : HCANN000001: Hibernate Commons Annotations {5.1.2.Final}
2022-01-20 12:13:37.110  INFO 18048 --- [    Test worker] com.zaxxer.hikari.HikariDataSource       : HikariPool-1 - Starting...
2022-01-20 12:13:37.249  INFO 18048 --- [    Test worker] com.zaxxer.hikari.HikariDataSource       : HikariPool-1 - Start completed.
2022-01-20 12:13:37.266  INFO 18048 --- [    Test worker] org.hibernate.dialect.Dialect            : HHH000400: Using dialect: org.hibernate.dialect.PostgreSQLDialect
Hibernate: 
    
    alter table consultant 
       drop constraint FKc1ig63jd5jy0kun4yqfgff6w5
Hibernate: 
    
    alter table hospital_personnel 
       drop constraint FKqr99syxnuwnxe95cnmk7t0bjm
Hibernate: 
    
    alter table junior_doctor 
       drop constraint FKbid3urfmf14dpcdl6qpng65o2
Hibernate: 
    
    alter table patient 
       drop constraint FKaxjru7sr936i3y7dy396vnon8
Hibernate: 
    
    alter table task 
       drop constraint FK8acaggdnfid2i8609xhg70454
Hibernate: 
    
    alter table task 
       drop constraint FKrh637elq1ebloecodg443koy1
Hibernate: 
    
    drop table if exists consultant cascade
Hibernate: 
    
    drop table if exists hospital_personnel cascade
Hibernate: 
    
    drop table if exists junior_doctor cascade
Hibernate: 
    
    drop table if exists patient cascade
Hibernate: 
    
    drop table if exists person cascade
Hibernate: 
    
    drop table if exists task cascade
Hibernate: 
    
    drop sequence if exists hibernate_sequence
Hibernate: create sequence hibernate_sequence start 1 increment 1
Hibernate: 
    
    create table consultant (
       id int8 not null,
        primary key (id)
    )
Hibernate: 
    
    create table hospital_personnel (
       email varchar(255),
        num_pager varchar(255),
        id int8 not null,
        primary key (id)
    )
Hibernate: 
    
    create table junior_doctor (
       id int8 not null,
        primary key (id)
    )
Hibernate: 
    
    create table patient (
       nummrn varchar(255),
        patient_location varchar(255),
        id int8 not null,
        primary key (id)
    )
Hibernate: 
    
    create table person (
       id int8 not null,
        dob varchar(255),
        name varchar(255),
        sex varchar(255),
        primary key (id)
    )
Hibernate: 
    
    create table task (
       id int8 not null,
        additional_notes varchar(255),
        creation_time varchar(255),
        history varchar(255),
        seniority_required varchar(255),
        status boolean,
        task_descript varchar(255),
        doctor_of_task_id int8,
        patient_object_id int8,
        primary key (id)
    )
Hibernate: 
    
    alter table consultant 
       add constraint FKc1ig63jd5jy0kun4yqfgff6w5 
       foreign key (id) 
       references hospital_personnel
Hibernate: 
    
    alter table hospital_personnel 
       add constraint FKqr99syxnuwnxe95cnmk7t0bjm 
       foreign key (id) 
       references person
Hibernate: 
    
    alter table junior_doctor 
       add constraint FKbid3urfmf14dpcdl6qpng65o2 
       foreign key (id) 
       references hospital_personnel
Hibernate: 
    
    alter table patient 
       add constraint FKaxjru7sr936i3y7dy396vnon8 
       foreign key (id) 
       references person
Hibernate: 
    
    alter table task 
       add constraint FK8acaggdnfid2i8609xhg70454 
       foreign key (doctor_of_task_id) 
       references junior_doctor
Hibernate: 
    
    alter table task 
       add constraint FKrh637elq1ebloecodg443koy1 
       foreign key (patient_object_id) 
       references patient
2022-01-20 12:13:38.120  INFO 18048 --- [    Test worker] o.h.e.t.j.p.i.JtaPlatformInitiator       : HHH000490: Using JtaPlatform implementation: [org.hibernate.engine.transaction.jta.platform.internal.NoJtaPlatform]
2022-01-20 12:13:38.136  INFO 18048 --- [    Test worker] j.LocalContainerEntityManagerFactoryBean : Initialized JPA EntityManagerFactory for persistence unit 'default'
2022-01-20 12:13:39.176  WARN 18048 --- [    Test worker] JpaBaseConfiguration$JpaWebConfiguration : spring.jpa.open-in-view is enabled by default. Therefore, database queries may be performed during view rendering. Explicitly configure spring.jpa.open-in-view to disable this warning
2022-01-20 12:13:40.497  INFO 18048 --- [    Test worker] c.e.n.NhsHandoverBackendApplicationTests : Started NhsHandoverBackendApplicationTests in 6.402 seconds (JVM running for 8.15)
]]></system-out>
  <system-err><![CDATA[]]></system-err>
</testsuite>
