<?xml version="1.0" encoding="UTF-8"?>
<testsuite name="com.example.nhs_handover_backend.TestConsultant" tests="4" skipped="0" failures="0" errors="0" timestamp="2022-01-07T16:33:54" hostname="MacBook-Pro-de-Amaan-2.local" time="0.008">
  <properties/>
  <testcase name="testGetTasks()" classname="com.example.nhs_handover_backend.TestConsultant" time="0.004"/>
  <testcase name="testGetAllTasks()" classname="com.example.nhs_handover_backend.TestConsultant" time="0.0"/>
  <testcase name="testGetCompletedTasks()" classname="com.example.nhs_handover_backend.TestConsultant" time="0.001"/>
  <testcase name="testGetDoctorTasks()" classname="com.example.nhs_handover_backend.TestConsultant" time="0.0"/>
  <system-out><![CDATA[]]></system-out>
  <system-err><![CDATA[]]></system-err>
</testsuite>
