<?xml version="1.0" encoding="UTF-8"?>
<testsuite name="TestHospitalPersonnel" tests="4" skipped="0" failures="0" errors="0" timestamp="2022-01-05T02:05:01" hostname="Sachas-MacBook-Air.local" time="0.16">
  <properties/>
  <testcase name="testGetEmail()" classname="TestHospitalPersonnel" time="0.002"/>
  <testcase name="testGetNumPager()" classname="TestHospitalPersonnel" time="0.002"/>
  <testcase name="testAddPatient()" classname="TestHospitalPersonnel" time="0.148"/>
  <testcase name="testCreateTask()" classname="TestHospitalPersonnel" time="0.002"/>
  <system-out><![CDATA[it worked
]]></system-out>
  <system-err><![CDATA[]]></system-err>
</testsuite>
