<?xml version="1.0" encoding="UTF-8"?>
<testsuite name="TestConsultant" tests="4" skipped="0" failures="0" errors="0" timestamp="2021-12-30T20:55:45" hostname="MacBook-Pro-de-Amaan-2.local" time="0.004">
  <properties/>
  <testcase name="testGetTasks()" classname="TestConsultant" time="0.001"/>
  <testcase name="testGetAllTasks()" classname="TestConsultant" time="0.001"/>
  <testcase name="testGetCompletedTasks()" classname="TestConsultant" time="0.001"/>
  <testcase name="testGetDoctorTasks()" classname="TestConsultant" time="0.001"/>
  <system-out><![CDATA[]]></system-out>
  <system-err><![CDATA[]]></system-err>
</testsuite>
