<?xml version="1.0" encoding="UTF-8"?>
<testsuite name="TestPatient" tests="3" skipped="0" failures="0" errors="0" timestamp="2021-12-30T20:55:45" hostname="MacBook-Pro-de-Amaan-2.local" time="0.002">
  <properties/>
  <testcase name="testGetPatientLocation()" classname="TestPatient" time="0.0"/>
  <testcase name="testSetPatientLocation()" classname="TestPatient" time="0.001"/>
  <testcase name="testGetNumMRN()" classname="TestPatient" time="0.001"/>
  <system-out><![CDATA[]]></system-out>
  <system-err><![CDATA[]]></system-err>
</testsuite>
