<?xml version="1.0" encoding="UTF-8"?>
<testsuite name="com.example.nhs_handover_backend.NhsHandoverBackendApplicationTests" tests="1" skipped="0" failures="0" errors="0" timestamp="2022-01-07T16:33:54" hostname="MacBook-Pro-de-Amaan-2.local" time="0.218">
  <properties/>
  <testcase name="contextLoads()" classname="com.example.nhs_handover_backend.NhsHandoverBackendApplicationTests" time="0.218"/>
  <system-out><![CDATA[16:33:51.604 [Test worker] DEBUG org.springframework.test.context.BootstrapUtils - Instantiating CacheAwareContextLoaderDelegate from class [org.springframework.test.context.cache.DefaultCacheAwareContextLoaderDelegate]
16:33:51.611 [Test worker] DEBUG org.springframework.test.context.BootstrapUtils - Instantiating BootstrapContext using constructor [public org.springframework.test.context.support.DefaultBootstrapContext(java.lang.Class,org.springframework.test.context.CacheAwareContextLoaderDelegate)]
16:33:51.635 [Test worker] DEBUG org.springframework.test.context.BootstrapUtils - Instantiating TestContextBootstrapper for test class [com.example.nhs_handover_backend.NhsHandoverBackendApplicationTests] from class [org.springframework.boot.test.context.SpringBootTestContextBootstrapper]
16:33:51.644 [Test worker] INFO org.springframework.boot.test.context.SpringBootTestContextBootstrapper - Neither @ContextConfiguration nor @ContextHierarchy found for test class [com.example.nhs_handover_backend.NhsHandoverBackendApplicationTests], using SpringBootContextLoader
16:33:51.647 [Test worker] DEBUG org.springframework.test.context.support.AbstractContextLoader - Did not detect default resource location for test class [com.example.nhs_handover_backend.NhsHandoverBackendApplicationTests]: class path resource [com/example/nhs_handover_backend/NhsHandoverBackendApplicationTests-context.xml] does not exist
16:33:51.647 [Test worker] DEBUG org.springframework.test.context.support.AbstractContextLoader - Did not detect default resource location for test class [com.example.nhs_handover_backend.NhsHandoverBackendApplicationTests]: class path resource [com/example/nhs_handover_backend/NhsHandoverBackendApplicationTestsContext.groovy] does not exist
16:33:51.647 [Test worker] INFO org.springframework.test.context.support.AbstractContextLoader - Could not detect default resource locations for test class [com.example.nhs_handover_backend.NhsHandoverBackendApplicationTests]: no resource found for suffixes {-context.xml, Context.groovy}.
16:33:51.648 [Test worker] INFO org.springframework.test.context.support.AnnotationConfigContextLoaderUtils - Could not detect default configuration classes for test class [com.example.nhs_handover_backend.NhsHandoverBackendApplicationTests]: NhsHandoverBackendApplicationTests does not declare any static, non-private, non-final, nested classes annotated with @Configuration.
16:33:51.681 [Test worker] DEBUG org.springframework.test.context.support.ActiveProfilesUtils - Could not find an 'annotation declaring class' for annotation type [org.springframework.test.context.ActiveProfiles] and class [com.example.nhs_handover_backend.NhsHandoverBackendApplicationTests]
16:33:51.723 [Test worker] DEBUG org.springframework.context.annotation.ClassPathScanningCandidateComponentProvider - Identified candidate component class: file [/Users/amaankahmad/Documents/Amaan/Uni/3rd Year/Programming 3/Handover App/Backend/build/classes/java/main/com/example/nhs_handover_backend/NhsHandoverBackendApplication.class]
16:33:51.724 [Test worker] INFO org.springframework.boot.test.context.SpringBootTestContextBootstrapper - Found @SpringBootConfiguration com.example.nhs_handover_backend.NhsHandoverBackendApplication for test class com.example.nhs_handover_backend.NhsHandoverBackendApplicationTests
16:33:51.785 [Test worker] DEBUG org.springframework.boot.test.context.SpringBootTestContextBootstrapper - @TestExecutionListeners is not present for class [com.example.nhs_handover_backend.NhsHandoverBackendApplicationTests]: using defaults.
16:33:51.786 [Test worker] INFO org.springframework.boot.test.context.SpringBootTestContextBootstrapper - Loaded default TestExecutionListener class names from location [META-INF/spring.factories]: [org.springframework.boot.test.autoconfigure.restdocs.RestDocsTestExecutionListener, org.springframework.boot.test.autoconfigure.web.client.MockRestServiceServerResetTestExecutionListener, org.springframework.boot.test.autoconfigure.web.servlet.MockMvcPrintOnlyOnFailureTestExecutionListener, org.springframework.boot.test.autoconfigure.web.servlet.WebDriverTestExecutionListener, org.springframework.boot.test.autoconfigure.webservices.client.MockWebServiceServerTestExecutionListener, org.springframework.boot.test.mock.mockito.MockitoTestExecutionListener, org.springframework.boot.test.mock.mockito.ResetMocksTestExecutionListener, org.springframework.test.context.web.ServletTestExecutionListener, org.springframework.test.context.support.DirtiesContextBeforeModesTestExecutionListener, org.springframework.test.context.event.ApplicationEventsTestExecutionListener, org.springframework.test.context.support.DependencyInjectionTestExecutionListener, org.springframework.test.context.support.DirtiesContextTestExecutionListener, org.springframework.test.context.transaction.TransactionalTestExecutionListener, org.springframework.test.context.jdbc.SqlScriptsTestExecutionListener, org.springframework.test.context.event.EventPublishingTestExecutionListener]
16:33:51.797 [Test worker] INFO org.springframework.boot.test.context.SpringBootTestContextBootstrapper - Using TestExecutionListeners: [org.springframework.test.context.web.ServletTestExecutionListener@66ce957f, org.springframework.test.context.support.DirtiesContextBeforeModesTestExecutionListener@55b5f5d2, org.springframework.test.context.event.ApplicationEventsTestExecutionListener@5bfa8cc5, org.springframework.boot.test.mock.mockito.MockitoTestExecutionListener@666b83a4, org.springframework.boot.test.autoconfigure.SpringBootDependencyInjectionTestExecutionListener@749c877b, org.springframework.test.context.support.DirtiesContextTestExecutionListener@efde75f, org.springframework.test.context.transaction.TransactionalTestExecutionListener@16ecee1, org.springframework.test.context.jdbc.SqlScriptsTestExecutionListener@3b220bcb, org.springframework.test.context.event.EventPublishingTestExecutionListener@2b95e48b, org.springframework.boot.test.autoconfigure.restdocs.RestDocsTestExecutionListener@4a3329b9, org.springframework.boot.test.autoconfigure.web.client.MockRestServiceServerResetTestExecutionListener@3dddefd8, org.springframework.boot.test.autoconfigure.web.servlet.MockMvcPrintOnlyOnFailureTestExecutionListener@160ac7fb, org.springframework.boot.test.autoconfigure.web.servlet.WebDriverTestExecutionListener@12bfd80d, org.springframework.boot.test.autoconfigure.webservices.client.MockWebServiceServerTestExecutionListener@41925502, org.springframework.boot.test.mock.mockito.ResetMocksTestExecutionListener@13e3c1c7]
16:33:51.800 [Test worker] DEBUG org.springframework.test.context.support.AbstractDirtiesContextTestExecutionListener - Before test class: context [DefaultTestContext@37bd68c3 testClass = NhsHandoverBackendApplicationTests, testInstance = [null], testMethod = [null], testException = [null], mergedContextConfiguration = [WebMergedContextConfiguration@60f7cc1d testClass = NhsHandoverBackendApplicationTests, locations = '{}', classes = '{class com.example.nhs_handover_backend.NhsHandoverBackendApplication}', contextInitializerClasses = '[]', activeProfiles = '{}', propertySourceLocations = '{}', propertySourceProperties = '{org.springframework.boot.test.context.SpringBootTestContextBootstrapper=true}', contextCustomizers = set[org.springframework.boot.test.autoconfigure.actuate.metrics.MetricsExportContextCustomizerFactory$DisableMetricExportContextCustomizer@5ef5c734, org.springframework.boot.test.autoconfigure.properties.PropertyMappingContextCustomizer@0, org.springframework.boot.test.autoconfigure.web.servlet.WebDriverContextCustomizerFactory$Customizer@6239aba6, org.springframework.boot.test.context.filter.ExcludeFilterContextCustomizer@7164ca4c, org.springframework.boot.test.json.DuplicateJsonObjectContextCustomizerFactory$DuplicateJsonObjectContextCustomizer@3f91b517, org.springframework.boot.test.mock.mockito.MockitoContextCustomizer@0, org.springframework.boot.test.web.client.TestRestTemplateContextCustomizer@63f259c3, org.springframework.boot.test.context.SpringBootTestArgs@1, org.springframework.boot.test.context.SpringBootTestWebEnvironment@6f4a47c7], resourceBasePath = 'src/main/webapp', contextLoader = 'org.springframework.boot.test.context.SpringBootContextLoader', parent = [null]], attributes = map['org.springframework.test.context.web.ServletTestExecutionListener.activateListener' -> true]], class annotated with @DirtiesContext [false] with mode [null].
16:33:51.835 [Test worker] DEBUG org.springframework.boot.ApplicationServletEnvironment - Activating profiles []
16:33:51.836 [Test worker] DEBUG org.springframework.test.context.support.TestPropertySourceUtils - Adding inlined properties to environment: {spring.jmx.enabled=false, org.springframework.boot.test.context.SpringBootTestContextBootstrapper=true}

  .   ____          _            __ _ _
 /\\ / ___'_ __ _ _(_)_ __  __ _ \ \ \ \
( ( )\___ | '_ | '_| | '_ \/ _` | \ \ \ \
 \\/  ___)| |_)| | | | | || (_| |  ) ) ) )
  '  |____| .__|_| |_|_| |_\__, | / / / /
 =========|_|==============|___/=/_/_/_/
 :: Spring Boot ::                (v2.6.2)

2022-01-07 16:33:52.207  INFO 1726 --- [    Test worker] c.e.n.NhsHandoverBackendApplicationTests : Starting NhsHandoverBackendApplicationTests using Java 16.0.2 on MacBook-Pro-de-Amaan-2.local with PID 1726 (started by amaankahmad in /Users/amaankahmad/Documents/Amaan/Uni/3rd Year/Programming 3/Handover App/Backend)
2022-01-07 16:33:52.208  INFO 1726 --- [    Test worker] c.e.n.NhsHandoverBackendApplicationTests : No active profile set, falling back to default profiles: default
2022-01-07 16:33:52.659  INFO 1726 --- [    Test worker] .s.d.r.c.RepositoryConfigurationDelegate : Bootstrapping Spring Data JPA repositories in DEFAULT mode.
2022-01-07 16:33:52.673  INFO 1726 --- [    Test worker] .s.d.r.c.RepositoryConfigurationDelegate : Finished Spring Data repository scanning in 7 ms. Found 0 JPA repository interfaces.
2022-01-07 16:33:53.065  INFO 1726 --- [    Test worker] com.zaxxer.hikari.HikariDataSource       : HikariPool-1 - Starting...
2022-01-07 16:33:53.189  INFO 1726 --- [    Test worker] com.zaxxer.hikari.HikariDataSource       : HikariPool-1 - Start completed.
2022-01-07 16:33:53.244  INFO 1726 --- [    Test worker] o.hibernate.jpa.internal.util.LogHelper  : HHH000204: Processing PersistenceUnitInfo [name: default]
2022-01-07 16:33:53.281  INFO 1726 --- [    Test worker] org.hibernate.Version                    : HHH000412: Hibernate ORM core version 5.6.3.Final
2022-01-07 16:33:53.409  INFO 1726 --- [    Test worker] o.hibernate.annotations.common.Version   : HCANN000001: Hibernate Commons Annotations {5.1.2.Final}
2022-01-07 16:33:53.498  INFO 1726 --- [    Test worker] org.hibernate.dialect.Dialect            : HHH000400: Using dialect: org.hibernate.dialect.H2Dialect
2022-01-07 16:33:53.643  INFO 1726 --- [    Test worker] o.h.e.t.j.p.i.JtaPlatformInitiator       : HHH000490: Using JtaPlatform implementation: [org.hibernate.engine.transaction.jta.platform.internal.NoJtaPlatform]
2022-01-07 16:33:53.650  INFO 1726 --- [    Test worker] j.LocalContainerEntityManagerFactoryBean : Initialized JPA EntityManagerFactory for persistence unit 'default'
2022-01-07 16:33:53.842  WARN 1726 --- [    Test worker] JpaBaseConfiguration$JpaWebConfiguration : spring.jpa.open-in-view is enabled by default. Therefore, database queries may be performed during view rendering. Explicitly configure spring.jpa.open-in-view to disable this warning
2022-01-07 16:33:54.336  INFO 1726 --- [    Test worker] c.e.n.NhsHandoverBackendApplicationTests : Started NhsHandoverBackendApplicationTests in 2.498 seconds (JVM running for 3.308)
]]></system-out>
  <system-err><![CDATA[]]></system-err>
</testsuite>
