<?xml version="1.0" encoding="UTF-8"?>
<testsuite name="TestConsultant" tests="4" skipped="0" failures="0" errors="0" timestamp="2022-01-07T17:18:16" hostname="DESKTOP-8UARG3K" time="0.032">
  <properties/>
  <testcase name="testGetTasks()" classname="TestConsultant" time="0.028"/>
  <testcase name="testGetAllTasks()" classname="TestConsultant" time="0.001"/>
  <testcase name="testGetCompletedTasks()" classname="TestConsultant" time="0.001"/>
  <testcase name="testGetDoctorTasks()" classname="TestConsultant" time="0.0"/>
  <system-out><![CDATA[]]></system-out>
  <system-err><![CDATA[]]></system-err>
</testsuite>
