<?xml version="1.0" encoding="UTF-8"?>
<testsuite name="com.example.nhs_handover_backend.TestPerson" tests="3" skipped="0" failures="0" errors="0" timestamp="2022-01-22T00:14:36" hostname="Sachas-Air" time="0.033">
  <properties/>
  <testcase name="testGetName()" classname="com.example.nhs_handover_backend.TestPerson" time="0.011"/>
  <testcase name="testGetDOB()" classname="com.example.nhs_handover_backend.TestPerson" time="0.002"/>
  <testcase name="testGetSex()" classname="com.example.nhs_handover_backend.TestPerson" time="0.001"/>
  <system-out><![CDATA[]]></system-out>
  <system-err><![CDATA[]]></system-err>
</testsuite>
