<?xml version="1.0" encoding="UTF-8"?>
<testsuite name="TestPatient" tests="3" skipped="0" failures="0" errors="0" timestamp="2021-12-30T21:04:47" hostname="Ibrahims-MBP" time="0.0">
  <properties/>
  <testcase name="testGetPatientLocation()" classname="TestPatient" time="0.0"/>
  <testcase name="testSetPatientLocation()" classname="TestPatient" time="0.0"/>
  <testcase name="testGetNumMRN()" classname="TestPatient" time="0.0"/>
  <system-out><![CDATA[]]></system-out>
  <system-err><![CDATA[]]></system-err>
</testsuite>
