<?xml version="1.0" encoding="UTF-8"?>
<testsuite name="TestDoctor" tests="3" skipped="0" failures="0" errors="0" timestamp="2022-01-01T16:55:58" hostname="MacBook-Pro-de-Amaan-2.local" time="0.009">
  <properties/>
  <testcase name="testGetTasks()" classname="TestDoctor" time="0.001"/>
  <testcase name="testFollowUpTask()" classname="TestDoctor" time="0.006"/>
  <testcase name="testArchiveTask()" classname="TestDoctor" time="0.001"/>
  <system-out><![CDATA[]]></system-out>
  <system-err><![CDATA[]]></system-err>
</testsuite>
