<?xml version="1.0" encoding="UTF-8"?>
<testsuite name="TestHospitalPersonnel" tests="4" skipped="0" failures="0" errors="0" timestamp="2021-12-31T20:18:06" hostname="Sachas-MacBook-Air.local" time="0.005">
  <properties/>
  <testcase name="testGetEmail()" classname="TestHospitalPersonnel" time="0.0"/>
  <testcase name="testGetNumPager()" classname="TestHospitalPersonnel" time="0.001"/>
  <testcase name="testAddPatient()" classname="TestHospitalPersonnel" time="0.0"/>
  <testcase name="testCreateTask()" classname="TestHospitalPersonnel" time="0.0"/>
  <system-out><![CDATA[]]></system-out>
  <system-err><![CDATA[]]></system-err>
</testsuite>
