<?xml version="1.0" encoding="UTF-8"?>
<testsuite name="com.example.nhs_handover_backend.TestHospitalPersonnel" tests="2" skipped="0" failures="0" errors="0" timestamp="2022-01-16T04:28:57" hostname="Sachas-MacBook-Air.local" time="0.003">
  <properties/>
  <testcase name="testGetEmail()" classname="com.example.nhs_handover_backend.TestHospitalPersonnel" time="0.0"/>
  <testcase name="testGetNumPager()" classname="com.example.nhs_handover_backend.TestHospitalPersonnel" time="0.001"/>
  <system-out><![CDATA[]]></system-out>
  <system-err><![CDATA[]]></system-err>
</testsuite>
