<?xml version="1.0" encoding="UTF-8"?>
<testsuite name="TestPerson" tests="3" skipped="0" failures="0" errors="0" timestamp="2022-01-07T17:18:16" hostname="DESKTOP-8UARG3K" time="0.004">
  <properties/>
  <testcase name="testGetName()" classname="TestPerson" time="0.001"/>
  <testcase name="testGetDOB()" classname="TestPerson" time="0.001"/>
  <testcase name="testGetSex()" classname="TestPerson" time="0.001"/>
  <system-out><![CDATA[]]></system-out>
  <system-err><![CDATA[]]></system-err>
</testsuite>
