<?xml version="1.0" encoding="UTF-8"?>
<testsuite name="TestDoctor" tests="3" skipped="0" failures="0" errors="0" timestamp="2022-01-05T02:05:01" hostname="Sachas-MacBook-Air.local" time="0.022">
  <properties/>
  <testcase name="testGetTasks()" classname="TestDoctor" time="0.006"/>
  <testcase name="testFollowUpTask()" classname="TestDoctor" time="0.013"/>
  <testcase name="testArchiveTask()" classname="TestDoctor" time="0.0"/>
  <system-out><![CDATA[]]></system-out>
  <system-err><![CDATA[]]></system-err>
</testsuite>
