<?xml version="1.0" encoding="UTF-8"?>
<testsuite name="TestJuniorDoctor" tests="2" skipped="0" failures="0" errors="0" timestamp="2022-01-01T16:55:58" hostname="MacBook-Pro-de-Amaan-2.local" time="0.001">
  <properties/>
  <testcase name="testGetTasks()" classname="TestJuniorDoctor" time="0.001"/>
  <testcase name="takeUpTask()" classname="TestJuniorDoctor" time="0.0"/>
  <system-out><![CDATA[]]></system-out>
  <system-err><![CDATA[]]></system-err>
</testsuite>
